<?xml version="1.0" encoding="UTF-8"?>
<!-- Generated by org.testng.reporters.JUnitXMLReporter -->
<testsuite ignored="0" hostname="NATARAJAN" failures="1" tests="1" name="CTest" time="14.843" errors="0" timestamp="2020-10-28T20:20:47 SGT">
  <testcase classname="TestNG.Sample" name="test2" time="14.825">
    <failure type="org.openqa.selenium.SessionNotCreatedException" message="session not created
from chrome not reachable
  (Session info: chrome=86.0.4240.111)
Build info: version: &amp;apos;3.141.59&amp;apos;, revision: &amp;apos;e82be7d358&amp;apos;, time: &amp;apos;2018-11-14T08:17:03&amp;apos;
System info: host: &amp;apos;NATARAJAN&amp;apos;, ip: &amp;apos;172.20.10.8&amp;apos;, os.name: &amp;apos;Windows 10&amp;apos;, os.arch: &amp;apos;amd64&amp;apos;, os.version: &amp;apos;10.0&amp;apos;, java.version: &amp;apos;14.0.2&amp;apos;
Driver info: driver.version: ChromeDriver
remote stacktrace: Backtrace:
	Ordinal0 [0x006FD383+3134339]
	Ordinal0 [0x005EA171+2007409]
	Ordinal0 [0x0048AD90+568720]
	Ordinal0 [0x00481364+529252]
	Ordinal0 [0x004819FC+530940]
	Ordinal0 [0x00482C15+535573]
	Ordinal0 [0x0047DFC5+516037]
	Ordinal0 [0x0048BF70+573296]
	Ordinal0 [0x00431916+203030]
	Ordinal0 [0x00430C1D+199709]
	Ordinal0 [0x0042EB0B+191243]
	Ordinal0 [0x00412E77+77431]
	Ordinal0 [0x00413E3E+81470]
	Ordinal0 [0x00413DC9+81353]
	Ordinal0 [0x00600CD9+2100441]
	GetHandleVerifier [0x0086B75A+1396954]
	GetHandleVerifier [0x0086B3D9+1396057]
	GetHandleVerifier [0x00877126+1444518]
	GetHandleVerifier [0x0086BCE8+1398376]
	Ordinal0 [0x005F7F51+2064209]
	Ordinal0 [0x006022EB+2106091]
	Ordinal0 [0x00602411+2106385]
	Ordinal0 [0x006149C4+2181572]
	BaseThreadInitThunk [0x74AD6359+25]
	RtlGetAppContainerNamedObjectPath [0x77207C24+228]
	RtlGetAppContainerNamedObjectPath [0x77207BF4+180]
">
      <![CDATA[org.openqa.selenium.SessionNotCreatedException: session not created
from chrome not reachable
  (Session info: chrome=86.0.4240.111)
Build info: version: '3.141.59', revision: 'e82be7d358', time: '2018-11-14T08:17:03'
System info: host: 'NATARAJAN', ip: '172.20.10.8', os.name: 'Windows 10', os.arch: 'amd64', os.version: '10.0', java.version: '14.0.2'
Driver info: driver.version: ChromeDriver
remote stacktrace: Backtrace:
Ordinal0 [0x006FD383+3134339]
Ordinal0 [0x005EA171+2007409]
Ordinal0 [0x0048AD90+568720]
Ordinal0 [0x00481364+529252]
Ordinal0 [0x004819FC+530940]
Ordinal0 [0x00482C15+535573]
Ordinal0 [0x0047DFC5+516037]
Ordinal0 [0x0048BF70+573296]
Ordinal0 [0x00431916+203030]
Ordinal0 [0x00430C1D+199709]
Ordinal0 [0x0042EB0B+191243]
Ordinal0 [0x00412E77+77431]
Ordinal0 [0x00413E3E+81470]
Ordinal0 [0x00413DC9+81353]
Ordinal0 [0x00600CD9+2100441]
GetHandleVerifier [0x0086B75A+1396954]
GetHandleVerifier [0x0086B3D9+1396057]
GetHandleVerifier [0x00877126+1444518]
GetHandleVerifier [0x0086BCE8+1398376]
Ordinal0 [0x005F7F51+2064209]
Ordinal0 [0x006022EB+2106091]
Ordinal0 [0x00602411+2106385]
Ordinal0 [0x006149C4+2181572]
BaseThreadInitThunk [0x74AD6359+25]
RtlGetAppContainerNamedObjectPath [0x77207C24+228]
RtlGetAppContainerNamedObjectPath [0x77207BF4+180]

at org.openqa.selenium.remote.W3CHandshakeResponse.lambda$errorHandler$0(W3CHandshakeResponse.java:62)
at org.openqa.selenium.remote.HandshakeResponse.lambda$getResponseFunction$0(HandshakeResponse.java:30)
at org.openqa.selenium.remote.ProtocolHandshake.lambda$createSession$0(ProtocolHandshake.java:126)
at java.base/java.util.stream.ReferencePipeline$3$1.accept(ReferencePipeline.java:195)
at java.base/java.util.Spliterators$ArraySpliterator.tryAdvance(Spliterators.java:958)
at java.base/java.util.stream.ReferencePipeline.forEachWithCancel(ReferencePipeline.java:127)
at java.base/java.util.stream.AbstractPipeline.copyIntoWithCancel(AbstractPipeline.java:502)
at java.base/java.util.stream.AbstractPipeline.copyInto(AbstractPipeline.java:488)
at java.base/java.util.stream.AbstractPipeline.wrapAndCopyInto(AbstractPipeline.java:474)
at java.base/java.util.stream.FindOps$FindOp.evaluateSequential(FindOps.java:150)
at java.base/java.util.stream.AbstractPipeline.evaluate(AbstractPipeline.java:234)
at java.base/java.util.stream.ReferencePipeline.findFirst(ReferencePipeline.java:543)
at org.openqa.selenium.remote.ProtocolHandshake.createSession(ProtocolHandshake.java:128)
at org.openqa.selenium.remote.ProtocolHandshake.createSession(ProtocolHandshake.java:74)
at org.openqa.selenium.remote.HttpCommandExecutor.execute(HttpCommandExecutor.java:136)
at org.openqa.selenium.remote.service.DriverCommandExecutor.execute(DriverCommandExecutor.java:83)
at org.openqa.selenium.remote.RemoteWebDriver.execute(RemoteWebDriver.java:552)
at org.openqa.selenium.remote.RemoteWebDriver.startSession(RemoteWebDriver.java:213)
at org.openqa.selenium.remote.RemoteWebDriver.<init>(RemoteWebDriver.java:131)
at org.openqa.selenium.chrome.ChromeDriver.<init>(ChromeDriver.java:181)
at org.openqa.selenium.chrome.ChromeDriver.<init>(ChromeDriver.java:168)
at org.openqa.selenium.chrome.ChromeDriver.<init>(ChromeDriver.java:123)
at TestNG.Sample.test2(Sample.java:34)
at java.base/java.util.concurrent.ThreadPoolExecutor.runWorker(ThreadPoolExecutor.java:1130)
at java.base/java.util.concurrent.ThreadPoolExecutor$Worker.run(ThreadPoolExecutor.java:630)
at java.base/java.lang.Thread.run(Thread.java:832)
... Removed 17 stack frames]]>
    </failure>
  </testcase> <!-- test2 -->
</testsuite> <!-- CTest -->
